[阶段1] 定向文献搜集与创新点提炼 - 启动
【阶段1已完成，问题已全部修复，自动进入下一阶段】
[阶段2] 快速Demo验证 - 启动
demo_xgboost_opt attempt=1 start
demo_xgboost_opt attempt=1 success
demo_metrics={'MAE': 51.683311462402344, 'RMSE': 72.66394112518086, 'R2': 0.8617521524429321}
【阶段2已完成，问题已全部修复，自动进入下一阶段】
[阶段3] 主模型代码修改集成 - 启动
【阶段3已完成，问题已全部修复，自动进入下一阶段】
[阶段4] 全量数据训练测试 - 启动
xgboost_baseline attempt=1 start
xgboost_baseline attempt=1 success
xgboost_optimized attempt=1 start
xgboost_optimized attempt=1 success
timesnet_baseline attempt=1 start
timesnet_baseline attempt=1 success
timesnet_optimized attempt=1 start
timesnet_optimized attempt=1 success
mtgnn_baseline attempt=1 start
mtgnn_baseline attempt=1 success
mtgnn_optimized attempt=1 start
mtgnn_optimized attempt=1 success
【阶段4已完成，问题已全部修复，自动进入下一阶段】
[阶段5] 最终科研总结报告 - 启动
metrics_json=D:\computer learning\science_workflow\report\round_fixed_metrics.json
final_report=D:\computer learning\science_workflow\report\FINAL_RESEARCH_REPORT_FIXED_ROUND.md
【阶段5已完成，问题已全部修复，自动终止执行】